<?xml version="1.0" encoding="UTF-8"?>
<testsuite xmlns:xsi="http://www.w3.org/2001/XMLSchema-instance" xsi:noNamespaceSchemaLocation="https://maven.apache.org/surefire/maven-surefire-plugin/xsd/surefire-test-report-3.0.xsd" version="3.0" name="com.sg.vendingmachine.vendingmachine.services.VendingMachineServiceTest" time="0.761" tests="10" errors="0" skipped="0" failures="0">
  <properties>
[...]
</properties>
  <testcase name="testAddMoneyGP" classname="com.sg.vendingmachine.vendingmachine.services.VendingMachineServiceTest" time="0.011"/>
  <testcase name="testAddMoneyNoMoney" classname="com.sg.vendingmachine.vendingmachine.services.VendingMachineServiceTest" time="0.001"/>
  <testcase name="testReturnChangeGP" classname="com.sg.vendingmachine.vendingmachine.services.VendingMachineServiceTest" time="0"/>
  <testcase name="testReturnChangeWithMoney" classname="com.sg.vendingmachine.vendingmachine.services.VendingMachineServiceTest" time="0.001"/>
  <testcase name="testBuyItemInvalidItem" classname="com.sg.vendingmachine.vendingmachine.services.VendingMachineServiceTest" time="0.002"/>
  <testcase name="testAddMoneyNegativeMoney" classname="com.sg.vendingmachine.vendingmachine.services.VendingMachineServiceTest" time="0.001"/>
  <testcase name="testBuyItemGP" classname="com.sg.vendingmachine.vendingmachine.services.VendingMachineServiceTest" time="0.001"/>
  <testcase name="testBuyItemOutOfStock" classname="com.sg.vendingmachine.vendingmachine.services.VendingMachineServiceTest" time="0.009"/>
  <testcase name="testGetAllItemsGP" classname="com.sg.vendingmachine.vendingmachine.services.VendingMachineServiceTest" time="0.002"/>
  <testcase name="testBuyItemNotEnoughMoney" classname="com.sg.vendingmachine.vendingmachine.services.VendingMachineServiceTest" time="0.001"/>
</testsuite>